<?xml version="1.0" encoding="UTF-8"?>
<!-- Generated by org.testng.reporters.JUnitReportReporter -->
<testsuite hostname="Rinnu" failures="0" tests="1" name="com.Enfin.TestCases.Testcase" time="4.658" errors="0" timestamp="11 Nov 2024 17:53:44 GMT" skipped="0">
  <testcase classname="com.Enfin.TestCases.Testcase" name="createTable" time="4.658"/>
</testsuite> <!-- com.Enfin.TestCases.Testcase -->
