<?xml version="1.0" encoding="UTF-8"?>
<!-- Generated by org.testng.reporters.JUnitReportReporter -->
<testsuite hostname="Rinnu" failures="0" tests="1" name="com.Enfin.TestCases.Module1" time="0.229" errors="0" timestamp="11 Nov 2024 14:26:14 GMT" skipped="0">
  <testcase classname="com.Enfin.TestCases.Module1" name="createTable" time="0.229"/>
</testsuite> <!-- com.Enfin.TestCases.Module1 -->
